This is pdfTeX, Version 3.141592653-2.6-1.40.25 (MiKTeX 24.1) (preloaded format=pdflatex 2024.1.31)  19 FEB 2024 18:45
entering extended mode
 restricted \write18 enabled.
 %&-line parsing enabled.
**./chemical.tex
(chemical.tex
LaTeX2e <2023-11-01> patch level 1
L3 programming layer <2024-01-04>
(C:\Framework\MiKTeX\tex/latex/base\article.cls
Document Class: article 2023/05/17 v1.4n Standard LaTeX document class
(C:\Framework\MiKTeX\tex/latex/base\size10.clo
File: size10.clo 2023/05/17 v1.4n Standard LaTeX file (size option)
)
\c@part=\count187
\c@section=\count188
\c@subsection=\count189
\c@subsubsection=\count190
\c@paragraph=\count191
\c@subparagraph=\count192
\c@figure=\count193
\c@table=\count194
\abovecaptionskip=\skip48
\belowcaptionskip=\skip49
\bibindent=\dimen140
)
(C:\Framework\MiKTeX\tex/latex/l3backend\l3backend-pdftex.def
File: l3backend-pdftex.def 2024-01-04 L3 backend support: PDF output (pdfTeX)
\l__color_backend_stack_int=\count195
\l__pdf_internal_box=\box51
) (chemical.aux)
\openout1 = `chemical.aux'.

LaTeX Font Info:    Checking defaults for OML/cmm/m/it on input line 3.
LaTeX Font Info:    ... okay on input line 3.
LaTeX Font Info:    Checking defaults for OMS/cmsy/m/n on input line 3.
LaTeX Font Info:    ... okay on input line 3.
LaTeX Font Info:    Checking defaults for OT1/cmr/m/n on input line 3.
LaTeX Font Info:    ... okay on input line 3.
LaTeX Font Info:    Checking defaults for T1/cmr/m/n on input line 3.
LaTeX Font Info:    ... okay on input line 3.
LaTeX Font Info:    Checking defaults for TS1/cmr/m/n on input line 3.
LaTeX Font Info:    ... okay on input line 3.
LaTeX Font Info:    Checking defaults for OMX/cmex/m/n on input line 3.
LaTeX Font Info:    ... okay on input line 3.
LaTeX Font Info:    Checking defaults for U/cmr/m/n on input line 3.
LaTeX Font Info:    ... okay on input line 3.
LaTeX Font Info:    External font `cmex10' loaded for size
(Font)              <7> on input line 6.
LaTeX Font Info:    External font `cmex10' loaded for size
(Font)              <5> on input line 6.


LaTeX Warning: Reference `sec:refs' on page 1 undefined on input line 14.


Underfull \hbox (badness 1122) in paragraph at lines 16--16
[]\OT1/cmr/bx/n/14.4 Multiple cor-re-spond-ing au-
 []


Overfull \hbox (11.9979pt too wide) in paragraph at lines 22--22
[]\OT1/cmtt/m/n/10 \centering\includegraphics[width=7cm]{osafig1}[] 
 []


Overfull \hbox (11.9979pt too wide) in paragraph at lines 31--31
[]\OT1/cmtt/m/n/10 \centering\includegraphics[width=7cm]{osafig1}[] 
 []


Overfull \hbox (38.24767pt too wide) in paragraph at lines 31--31
[]\OT1/cmtt/m/n/10 \caption{Sample caption (Fig. 2, \cite{Yelin:03}).}[] 
 []


Overfull \hbox (11.9979pt too wide) in paragraph at lines 40--40
[]\OT1/cmtt/m/n/10 \centering\includegraphics[width=7cm]{osafig1}[] 
 []


Overfull \hbox (38.24767pt too wide) in paragraph at lines 40--40
[]\OT1/cmtt/m/n/10 \caption{Sample caption (Fig. 2, \cite{Yelin:03}).}[] 
 []


Overfull \hbox (11.9979pt too wide) in paragraph at lines 49--49
[]\OT1/cmtt/m/n/10 \centering\includegraphics[width=7cm]{osafig1}[] 
 []


Overfull \hbox (38.24767pt too wide) in paragraph at lines 49--49
[]\OT1/cmtt/m/n/10 \caption{Sample caption (Fig. 2, \cite{Yelin:03}).}[] 
 []


Overfull \hbox (11.9979pt too wide) in paragraph at lines 60--60
[]\OT1/cmtt/m/n/10 \centering\includegraphics[width=7cm]{osafig1}[] 
 []


Overfull \hbox (38.24767pt too wide) in paragraph at lines 60--60
[]\OT1/cmtt/m/n/10 \caption{Sample caption (Fig. 2, \cite{Yelin:03}).}[] 
 []


Underfull \hbox (badness 2119) in paragraph at lines 63--64
[]\OT1/cmr/m/n/10 a) Three traps cre-ate three rings of mag-netic
 []

[1

{C:/Users/jonas/AppData/Local/MiKTeX/fonts/map/pdftex/pdftex.map}]
Underfull \hbox (badness 1552) in paragraph at lines 78--79
\OT1/cmr/m/n/10 at the root level (e.g., file \OT1/cmtt/m/n/10 figure-1.eps\OT1
/cmr/m/n/10 , not
 []

(chemical.bbl)
Underfull \hbox (badness 3250) in paragraph at lines 88--91
[]\OT1/cmr/m/n/10 Y. Zhang, S. Qiao, L. Sun, Q. W. Shi,
 []


Underfull \hbox (badness 1521) in paragraph at lines 97--105
\OT1/cmr/m/n/10 D. Lowe, G. Myhre, J. Nganga, R. Prinn,
 []

[2] (chemical.aux)
 ***********
LaTeX2e <2023-11-01> patch level 1
L3 programming layer <2024-01-04>
 ***********


LaTeX Warning: There were undefined references.

 ) 
Here is how much of TeX's memory you used:
 462 strings out of 474485
 8860 string characters out of 5755459
 1935542 words of memory out of 5000000
 22824 multiletter control sequences out of 15000+600000
 559755 words of font info for 42 fonts, out of 8000000 for 9000
 1141 hyphenation exceptions out of 8191
 35i,6n,50p,505b,176s stack positions out of 10000i,1000n,20000p,200000b,200000s
<C:/Framework/MiKTeX/fonts/type1/public/amsfonts/cm/cmbx10.pfb><C:/Framework/
MiKTeX/fonts/type1/public/amsfonts/cm/cmbx12.pfb><C:/Framework/MiKTeX/fonts/typ
e1/public/amsfonts/cm/cmex10.pfb><C:/Framework/MiKTeX/fonts/type1/public/amsfon
ts/cm/cmmi10.pfb><C:/Framework/MiKTeX/fonts/type1/public/amsfonts/cm/cmmi7.pfb>
<C:/Framework/MiKTeX/fonts/type1/public/amsfonts/cm/cmr10.pfb><C:/Framework/MiK
TeX/fonts/type1/public/amsfonts/cm/cmr7.pfb><C:/Framework/MiKTeX/fonts/type1/pu
blic/amsfonts/cm/cmsy7.pfb><C:/Framework/MiKTeX/fonts/type1/public/amsfonts/cm/
cmtt10.pfb>
Output written on chemical.pdf (2 pages, 120123 bytes).
PDF statistics:
 54 PDF objects out of 1000 (max. 8388607)
 0 named destinations out of 1000 (max. 500000)
 1 words of extra memory for PDF output out of 10000 (max. 10000000)

